# JRE version: OpenJDK Runtime Environment Temurin-21.0.9+10 (21.0.9+10) (build 21.0.9+10-LTS)
# Java VM: OpenJDK 64-Bit Server VM Temurin-21.0.9+10 (21.0.9+10-LTS, mixed mode, sharing, tiered, compressed oops, compressed class ptrs, parallel gc, windows-amd64)
GC Precious Log:
 CardTable entry size: 512
 CPUs: 8 total, 8 available
 Memory: 6090M
 Large Page Support: Disabled
 NUMA Support: Disabled
 Compressed Oops: Enabled (32-bit)
 Alignments: Space 512K, Generation 512K, Heap 2M
 Heap Min Capacity: 100M
 Heap Initial Capacity: 100M
 Heap Max Capacity: 2G
 Pre-touch: Disabled
 Parallel Workers: 8
Heap:
 PSYoungGen      total 8192K, used 4680K [0x00000000d5580000, 0x00000000d5e80000, 0x0000000100000000)
  eden space 6656K, 47% used [0x00000000d5580000,0x00000000d589e098,0x00000000d5c00000)
  from space 1536K, 99% used [0x00000000d5c00000,0x00000000d5d7d460,0x00000000d5d80000)
  to   space 512K, 0% used [0x00000000d5e00000,0x00000000d5e00000,0x00000000d5e80000)
 ParOldGen       total 706048K, used 124497K [0x0000000080000000, 0x00000000ab180000, 0x00000000d5580000)
  object space 706048K, 17% used [0x0000000080000000,0x0000000087994618,0x00000000ab180000)
 Metaspace       used 80324K, committed 82112K, reserved 1179648K
  class space    used 8074K, committed 8896K, reserved 1048576K
GC Heap History (20 events):
Event: 382.314 GC heap before
{Heap before GC invocations=1339 (full 5):
 PSYoungGen      total 5120K, used 4831K [0x00000000d5580000, 0x00000000d5c00000, 0x0000000100000000)
  eden space 3584K, 99% used [0x00000000d5580000,0x00000000d58fffe0,0x00000000d5900000)
  from space 1536K, 81% used [0x00000000d5900000,0x00000000d5a38000,0x00000000d5a80000)
  to   space 1536K, 0% used [0x00000000d5a80000,0x00000000d5a80000,0x00000000d5c00000)
 ParOldGen       total 706048K, used 113748K [0x0000000080000000, 0x00000000ab180000, 0x00000000d5580000)
  object space 706048K, 16% used [0x0000000080000000,0x0000000086f15338,0x00000000ab180000)
 Metaspace       used 80303K, committed 82048K, reserved 1179648K
  class space    used 8074K, committed 8896K, reserved 1048576K
}
Event: 382.398 GC heap after
{Heap after GC invocations=1339 (full 5):
 PSYoungGen      total 5120K, used 942K [0x00000000d5580000, 0x00000000d5d00000, 0x0000000100000000)
  eden space 3584K, 0% used [0x00000000d5580000,0x00000000d5580000,0x00000000d5900000)
  from space 1536K, 61% used [0x00000000d5a80000,0x00000000d5b6b980,0x00000000d5c00000)
  to   space 1536K, 0% used [0x00000000d5900000,0x00000000d5900000,0x00000000d5a80000)
 ParOldGen       total 706048K, used 114835K [0x0000000080000000, 0x00000000ab180000, 0x00000000d5580000)
  object space 706048K, 16% used [0x0000000080000000,0x0000000087024fc8,0x00000000ab180000)
 Metaspace       used 80303K, committed 82048K, reserved 1179648K
  class space    used 8074K, committed 8896K, reserved 1048576K
}
Event: 382.938 GC heap before
{Heap before GC invocations=1340 (full 5):
 PSYoungGen      total 5120K, used 4526K [0x00000000d5580000, 0x00000000d5d00000, 0x0000000100000000)
  eden space 3584K, 100% used [0x00000000d5580000,0x00000000d5900000,0x00000000d5900000)
  from space 1536K, 61% used [0x00000000d5a80000,0x00000000d5b6b980,0x00000000d5c00000)
  to   space 1536K, 0% used [0x00000000d5900000,0x00000000d5900000,0x00000000d5a80000)
 ParOldGen       total 706048K, used 114835K [0x0000000080000000, 0x00000000ab180000, 0x00000000d5580000)
  object space 706048K, 16% used [0x0000000080000000,0x0000000087024fc8,0x00000000ab180000)
 Metaspace       used 80307K, committed 82048K, reserved 1179648K
  class space    used 8074K, committed 8896K, reserved 1048576K
}
Event: 382.945 GC heap after
{Heap after GC invocations=1340 (full 5):
 PSYoungGen      total 5120K, used 1364K [0x00000000d5580000, 0x00000000d5c00000, 0x0000000100000000)
  eden space 3584K, 0% used [0x00000000d5580000,0x00000000d5580000,0x00000000d5900000)
  from space 1536K, 88% used [0x00000000d5900000,0x00000000d5a553b8,0x00000000d5a80000)
  to   space 1536K, 0% used [0x00000000d5a80000,0x00000000d5a80000,0x00000000d5c00000)
 ParOldGen       total 706048K, used 115637K [0x0000000080000000, 0x00000000ab180000, 0x00000000d5580000)
  object space 706048K, 16% used [0x0000000080000000,0x00000000870ed748,0x00000000ab180000)
 Metaspace       used 80307K, committed 82048K, reserved 1179648K
  class space    used 8074K, committed 8896K, reserved 1048576K
}
Event: 382.985 GC heap before
{Heap before GC invocations=1341 (full 5):
 PSYoungGen      total 5120K, used 4948K [0x00000000d5580000, 0x00000000d5c00000, 0x0000000100000000)
  eden space 3584K, 100% used [0x00000000d5580000,0x00000000d5900000,0x00000000d5900000)
  from space 1536K, 88% used [0x00000000d5900000,0x00000000d5a553b8,0x00000000d5a80000)
  to   space 1536K, 0% used [0x00000000d5a80000,0x00000000d5a80000,0x00000000d5c00000)
 ParOldGen       total 706048K, used 115637K [0x0000000080000000, 0x00000000ab180000, 0x00000000d5580000)
  object space 706048K, 16% used [0x0000000080000000,0x00000000870ed748,0x00000000ab180000)
 Metaspace       used 80308K, committed 82048K, reserved 1179648K
  class space    used 8074K, committed 8896K, reserved 1048576K
}
Event: 383.076 GC heap after
{Heap after GC invocations=1341 (full 5):
 PSYoungGen      total 5120K, used 1408K [0x00000000d5580000, 0x00000000d5d00000, 0x0000000100000000)
  eden space 3584K, 0% used [0x00000000d5580000,0x00000000d5580000,0x00000000d5900000)
  from space 1536K, 91% used [0x00000000d5a80000,0x00000000d5be0020,0x00000000d5c00000)
  to   space 1536K, 0% used [0x00000000d5900000,0x00000000d5900000,0x00000000d5a80000)
 ParOldGen       total 706048K, used 116924K [0x0000000080000000, 0x00000000ab180000, 0x00000000d5580000)
  object space 706048K, 16% used [0x0000000080000000,0x000000008722f218,0x00000000ab180000)
 Metaspace       used 80308K, committed 82048K, reserved 1179648K
  class space    used 8074K, committed 8896K, reserved 1048576K
}
Event: 383.109 GC heap before
{Heap before GC invocations=1342 (full 5):
 PSYoungGen      total 5120K, used 4992K [0x00000000d5580000, 0x00000000d5d00000, 0x0000000100000000)
  eden space 3584K, 100% used [0x00000000d5580000,0x00000000d5900000,0x00000000d5900000)
  from space 1536K, 91% used [0x00000000d5a80000,0x00000000d5be0020,0x00000000d5c00000)
  to   space 1536K, 0% used [0x00000000d5900000,0x00000000d5900000,0x00000000d5a80000)
 ParOldGen       total 706048K, used 116924K [0x0000000080000000, 0x00000000ab180000, 0x00000000d5580000)
  object space 706048K, 16% used [0x0000000080000000,0x000000008722f218,0x00000000ab180000)
 Metaspace       used 80308K, committed 82048K, reserved 1179648K
  class space    used 8074K, committed 8896K, reserved 1048576K
}
Event: 383.161 GC heap after
{Heap after GC invocations=1342 (full 5):
 PSYoungGen      total 5120K, used 983K [0x00000000d5580000, 0x00000000d5d00000, 0x0000000100000000)
  eden space 3584K, 0% used [0x00000000d5580000,0x00000000d5580000,0x00000000d5900000)
  from space 1536K, 64% used [0x00000000d5900000,0x00000000d59f5dd0,0x00000000d5a80000)
  to   space 1536K, 0% used [0x00000000d5b80000,0x00000000d5b80000,0x00000000d5d00000)
 ParOldGen       total 706048K, used 118283K [0x0000000080000000, 0x00000000ab180000, 0x00000000d5580000)
  object space 706048K, 16% used [0x0000000080000000,0x0000000087382cc0,0x00000000ab180000)
 Metaspace       used 80308K, committed 82048K, reserved 1179648K
  class space    used 8074K, committed 8896K, reserved 1048576K
}
Event: 383.203 GC heap before
{Heap before GC invocations=1343 (full 5):
 PSYoungGen      total 5120K, used 4567K [0x00000000d5580000, 0x00000000d5d00000, 0x0000000100000000)
  eden space 3584K, 100% used [0x00000000d5580000,0x00000000d5900000,0x00000000d5900000)
  from space 1536K, 64% used [0x00000000d5900000,0x00000000d59f5dd0,0x00000000d5a80000)
  to   space 1536K, 0% used [0x00000000d5b80000,0x00000000d5b80000,0x00000000d5d00000)
 ParOldGen       total 706048K, used 118283K [0x0000000080000000, 0x00000000ab180000, 0x00000000d5580000)
  object space 706048K, 16% used [0x0000000080000000,0x0000000087382cc0,0x00000000ab180000)
 Metaspace       used 80310K, committed 82048K, reserved 1179648K
  class space    used 8074K, committed 8896K, reserved 1048576K
}
Event: 383.246 GC heap after
{Heap after GC invocations=1343 (full 5):
 PSYoungGen      total 6144K, used 1323K [0x00000000d5580000, 0x00000000d5d00000, 0x0000000100000000)
  eden space 4608K, 0% used [0x00000000d5580000,0x00000000d5580000,0x00000000d5a00000)
  from space 1536K, 86% used [0x00000000d5b80000,0x00000000d5ccaf78,0x00000000d5d00000)
  to   space 1536K, 0% used [0x00000000d5a00000,0x00000000d5a00000,0x00000000d5b80000)
 ParOldGen       total 706048K, used 119042K [0x0000000080000000, 0x00000000ab180000, 0x00000000d5580000)
  object space 706048K, 16% used [0x0000000080000000,0x0000000087440860,0x00000000ab180000)
 Metaspace       used 80310K, committed 82048K, reserved 1179648K
  class space    used 8074K, committed 8896K, reserved 1048576K
}
Event: 383.374 GC heap before
{Heap before GC invocations=1344 (full 5):
 PSYoungGen      total 6144K, used 5931K [0x00000000d5580000, 0x00000000d5d00000, 0x0000000100000000)
  eden space 4608K, 100% used [0x00000000d5580000,0x00000000d5a00000,0x00000000d5a00000)
  from space 1536K, 86% used [0x00000000d5b80000,0x00000000d5ccaf78,0x00000000d5d00000)
  to   space 1536K, 0% used [0x00000000d5a00000,0x00000000d5a00000,0x00000000d5b80000)
 ParOldGen       total 706048K, used 119042K [0x0000000080000000, 0x00000000ab180000, 0x00000000d5580000)
  object space 706048K, 16% used [0x0000000080000000,0x0000000087440860,0x00000000ab180000)
 Metaspace       used 80310K, committed 82048K, reserved 1179648K
  class space    used 8074K, committed 8896K, reserved 1048576K
}
Event: 383.458 GC heap after
{Heap after GC invocations=1344 (full 5):
 PSYoungGen      total 6144K, used 1504K [0x00000000d5580000, 0x00000000d6100000, 0x0000000100000000)
  eden space 4608K, 0% used [0x00000000d5580000,0x00000000d5580000,0x00000000d5a00000)
  from space 1536K, 97% used [0x00000000d5a00000,0x00000000d5b78020,0x00000000d5b80000)
  to   space 3072K, 0% used [0x00000000d5e00000,0x00000000d5e00000,0x00000000d6100000)
 ParOldGen       total 706048K, used 120173K [0x0000000080000000, 0x00000000ab180000, 0x00000000d5580000)
  object space 706048K, 17% used [0x0000000080000000,0x000000008755b570,0x00000000ab180000)
 Metaspace       used 80310K, committed 82048K, reserved 1179648K
  class space    used 8074K, committed 8896K, reserved 1048576K
}
Event: 383.736 GC heap before
{Heap before GC invocations=1345 (full 5):
 PSYoungGen      total 6144K, used 6112K [0x00000000d5580000, 0x00000000d6100000, 0x0000000100000000)
  eden space 4608K, 100% used [0x00000000d5580000,0x00000000d5a00000,0x00000000d5a00000)
  from space 1536K, 97% used [0x00000000d5a00000,0x00000000d5b78020,0x00000000d5b80000)
  to   space 3072K, 0% used [0x00000000d5e00000,0x00000000d5e00000,0x00000000d6100000)
 ParOldGen       total 706048K, used 120173K [0x0000000080000000, 0x00000000ab180000, 0x00000000d5580000)
  object space 706048K, 17% used [0x0000000080000000,0x000000008755b570,0x00000000ab180000)
 Metaspace       used 80318K, committed 82048K, reserved 1179648K
  class space    used 8074K, committed 8896K, reserved 1048576K
}
Event: 383.841 GC heap after
{Heap after GC invocations=1345 (full 5):
 PSYoungGen      total 6656K, used 824K [0x00000000d5580000, 0x00000000d5f00000, 0x0000000100000000)
  eden space 5632K, 0% used [0x00000000d5580000,0x00000000d5580000,0x00000000d5b00000)
  from space 1024K, 80% used [0x00000000d5e00000,0x00000000d5ece0d0,0x00000000d5f00000)
  to   space 1536K, 0% used [0x00000000d5c00000,0x00000000d5c00000,0x00000000d5d80000)
 ParOldGen       total 706048K, used 121493K [0x0000000080000000, 0x00000000ab180000, 0x00000000d5580000)
  object space 706048K, 17% used [0x0000000080000000,0x00000000876a5590,0x00000000ab180000)
 Metaspace       used 80318K, committed 82048K, reserved 1179648K
  class space    used 8074K, committed 8896K, reserved 1048576K
}
Event: 383.883 GC heap before
{Heap before GC invocations=1346 (full 5):
 PSYoungGen      total 6656K, used 6456K [0x00000000d5580000, 0x00000000d5f00000, 0x0000000100000000)
  eden space 5632K, 100% used [0x00000000d5580000,0x00000000d5b00000,0x00000000d5b00000)
  from space 1024K, 80% used [0x00000000d5e00000,0x00000000d5ece0d0,0x00000000d5f00000)
  to   space 1536K, 0% used [0x00000000d5c00000,0x00000000d5c00000,0x00000000d5d80000)
 ParOldGen       total 706048K, used 121493K [0x0000000080000000, 0x00000000ab180000, 0x00000000d5580000)
  object space 706048K, 17% used [0x0000000080000000,0x00000000876a5590,0x00000000ab180000)
 Metaspace       used 80318K, committed 82048K, reserved 1179648K
  class space    used 8074K, committed 8896K, reserved 1048576K
}
Event: 383.899 GC heap after
{Heap after GC invocations=1346 (full 5):
 PSYoungGen      total 8192K, used 64K [0x00000000d5580000, 0x00000000d5e80000, 0x0000000100000000)
  eden space 6656K, 0% used [0x00000000d5580000,0x00000000d5580000,0x00000000d5c00000)
  from space 1536K, 4% used [0x00000000d5c00000,0x00000000d5c10000,0x00000000d5d80000)
  to   space 512K, 0% used [0x00000000d5e00000,0x00000000d5e00000,0x00000000d5e80000)
 ParOldGen       total 706048K, used 121960K [0x0000000080000000, 0x00000000ab180000, 0x00000000d5580000)
  object space 706048K, 17% used [0x0000000080000000,0x000000008771a288,0x00000000ab180000)
 Metaspace       used 80318K, committed 82048K, reserved 1179648K
  class space    used 8074K, committed 8896K, reserved 1048576K
}
Event: 384.241 GC heap before
{Heap before GC invocations=1347 (full 5):
 PSYoungGen      total 8192K, used 6720K [0x00000000d5580000, 0x00000000d5e80000, 0x0000000100000000)
  eden space 6656K, 100% used [0x00000000d5580000,0x00000000d5c00000,0x00000000d5c00000)
  from space 1536K, 4% used [0x00000000d5c00000,0x00000000d5c10000,0x00000000d5d80000)
  to   space 512K, 0% used [0x00000000d5e00000,0x00000000d5e00000,0x00000000d5e80000)
 ParOldGen       total 706048K, used 121960K [0x0000000080000000, 0x00000000ab180000, 0x00000000d5580000)
  object space 706048K, 17% used [0x0000000080000000,0x000000008771a288,0x00000000ab180000)
 Metaspace       used 80323K, committed 82112K, reserved 1179648K
  class space    used 8074K, committed 8896K, reserved 1048576K
}
Event: 384.250 GC heap after
{Heap after GC invocations=1347 (full 5):
 PSYoungGen      total 7168K, used 474K [0x00000000d5580000, 0x00000000d5e80000, 0x0000000100000000)
  eden space 6656K, 0% used [0x00000000d5580000,0x00000000d5580000,0x00000000d5c00000)
  from space 512K, 92% used [0x00000000d5e00000,0x00000000d5e768d0,0x00000000d5e80000)
  to   space 1536K, 0% used [0x00000000d5c00000,0x00000000d5c00000,0x00000000d5d80000)
 ParOldGen       total 706048K, used 121992K [0x0000000080000000, 0x00000000ab180000, 0x00000000d5580000)
  object space 706048K, 17% used [0x0000000080000000,0x0000000087722288,0x00000000ab180000)
 Metaspace       used 80323K, committed 82112K, reserved 1179648K
  class space    used 8074K, committed 8896K, reserved 1048576K
}
Event: 384.309 GC heap before
{Heap before GC invocations=1348 (full 5):
 PSYoungGen      total 7168K, used 7130K [0x00000000d5580000, 0x00000000d5e80000, 0x0000000100000000)
  eden space 6656K, 100% used [0x00000000d5580000,0x00000000d5c00000,0x00000000d5c00000)
  from space 512K, 92% used [0x00000000d5e00000,0x00000000d5e768d0,0x00000000d5e80000)
  to   space 1536K, 0% used [0x00000000d5c00000,0x00000000d5c00000,0x00000000d5d80000)
 ParOldGen       total 706048K, used 121992K [0x0000000080000000, 0x00000000ab180000, 0x00000000d5580000)
  object space 706048K, 17% used [0x0000000080000000,0x0000000087722288,0x00000000ab180000)
 Metaspace       used 80324K, committed 82112K, reserved 1179648K
  class space    used 8074K, committed 8896K, reserved 1048576K
}
Event: 384.318 GC heap after
{Heap after GC invocations=1348 (full 5):
 PSYoungGen      total 8192K, used 357K [0x00000000d5580000, 0x00000000d5e80000, 0x0000000100000000)
  eden space 6656K, 0% used [0x00000000d5580000,0x00000000d5580000,0x00000000d5c00000)
  from space 1536K, 23% used [0x00000000d5c00000,0x00000000d5c59470,0x00000000d5d80000)
  to   space 512K, 0% used [0x00000000d5e00000,0x00000000d5e00000,0x00000000d5e80000)
 ParOldGen       total 706048K, used 122229K [0x0000000080000000, 0x00000000ab180000, 0x00000000d5580000)
  object space 706048K, 17% used [0x0000000080000000,0x000000008775d6e8,0x00000000ab180000)
 Metaspace       used 80324K, committed 82112K, reserved 1179648K
  class space    used 8074K, committed 8896K, reserved 1048576K
}

